<?xml version="1.0" encoding="UTF-8"?><testsuite errors="0" failures="0" name="ssvv.features.search.SearchByKeywordStory" skipped="1" tests="5" time="25.38" timestamp="2022-05-09 08:43:44"><testcase classname="ssvv.features.search.SearchByKeywordStory" name="Searching by keyword dog should display the corresponding article"/><testcase classname="ssvv.features.search.SearchByKeywordStory" name="Searching by keyword pear should display the corresponding article"/><testcase classname="ssvv.features.search.SearchByKeywordStory" name="Searching by ambiguious keyword should display the disambiguation page"><skipped/></testcase><testcase classname="ssvv.features.search.SearchByKeywordStory" name="Searching by keyword strawberry should display the corresponding article"/><testcase classname="ssvv.features.search.SearchByKeywordStory" name="Searching by keyword apple should display the corresponding article"/></testsuite>