<?xml version="1.0" encoding="UTF-8"?><testsuite errors="0" failures="1" name="ssvv.features.search.AltexSearchByKeywordDdt" skipped="0" tests="1" time="12.04" timestamp="2022-05-10 05:35:21"><testcase classname="ssvv.features.search.AltexSearchByKeywordDdt" name="Search altex by keyword test DDT"><failure message="Expected enabled element was not enabled&#10;Build info: version: '3.141.59', revision: 'e82be7d358', time: '2018-11-14T08:17:03'&#10;System info: host: 'DESKTOP-3J8SED5', ip: '192.168.1.43', os.name: 'Windows 10', os.arch: 'amd64', os.version: '10.0', java.version: '1.8.0_312'&#10;Driver info: driver.version: unknown&#10;Build info: version: '3.141.59', revision: 'e82be7d358', time: '2018-11-14T08:17:03'&#10;System info: host: 'DESKTOP-3J8SED5', ip: '192.168.1.43', os.name: 'Windows 10', os.arch: 'amd64', os.version: '10.0', java.version: '1.8.0_312'&#10;Driver info: driver.version: unknown" type="net.thucydides.core.webdriver.exceptions.ElementShouldBeEnabledException">Expected enabled element was not enabled
Build info: version: '3.141.59', revision: 'e82be7d358', time: '2018-11-14T08:17:03'
System info: host: 'DESKTOP-3J8SED5', ip: '192.168.1.43', os.name: 'Windows 10', os.arch: 'amd64', os.version: '10.0', java.version: '1.8.0_312'
Driver info: driver.version: unknown
Build info: version: '3.141.59', revision: 'e82be7d358', time: '2018-11-14T08:17:03'
System info: host: 'DESKTOP-3J8SED5', ip: '192.168.1.43', os.name: 'Windows 10', os.arch: 'amd64', os.version: '10.0', java.version: '1.8.0_312'
Driver info: driver.version: unknown</failure><system-err>Expected enabled element was not enabled
Build info: version: '3.141.59', revision: 'e82be7d358', time: '2018-11-14T08:17:03'
System info: host: 'DESKTOP-3J8SED5', ip: '192.168.1.43', os.name: 'Windows 10', os.arch: 'amd64', os.version: '10.0', java.version: '1.8.0_312'
Driver info: driver.version: unknown
Build info: version: '3.141.59', revision: 'e82be7d358', time: '2018-11-14T08:17:03'
System info: host: 'DESKTOP-3J8SED5', ip: '192.168.1.43', os.name: 'Windows 10', os.arch: 'amd64', os.version: '10.0', java.version: '1.8.0_312'
Driver info: driver.version: unknown&#13;
ssvv.pages.altex.AltexPage.enter_keywords(AltexPage.java:61)&#13;
ssvv.steps.serenity.AltexEndUserSteps.enters(AltexEndUserSteps.java:20)&#13;
ssvv.steps.serenity.AltexEndUserSteps.looks_for(AltexEndUserSteps.java:30)&#13;
ssvv.features.search.AltexSearchByKeywordDdt.searchAltexByKeywordTestDDT(AltexSearchByKeywordDdt.java:42)&#13;
</system-err></testcase></testsuite>